<?xml version="1.0" encoding="UTF-8"?>
<!-- Generated by org.testng.reporters.JUnitReportReporter -->
<testsuite hostname="shreyas-PC" name="gridTest.ChromeGridTest" tests="1" failures="0" timestamp="19 Dec 2018 18:52:10 GMT" time="48.501" errors="0">
  <testcase name="gridTest" time="48.501" classname="gridTest.ChromeGridTest"/>
</testsuite> <!-- gridTest.ChromeGridTest -->
