<?xml version="1.0" encoding="UTF-8"?>
<!-- Generated by org.testng.reporters.JUnitReportReporter -->
<testsuite hostname="shreyas-PC" name="gridTest.ChromeGridTest" tests="1" failures="0" timestamp="24 Dec 2018 18:24:40 GMT" time="64.341" errors="0">
  <testcase name="gridTest" time="64.341" classname="gridTest.ChromeGridTest"/>
</testsuite> <!-- gridTest.ChromeGridTest -->
